running egg_info
creating ../../build/crane_and_turtle_pkg/crane_and_turtle_pkg.egg-info
writing ../../build/crane_and_turtle_pkg/crane_and_turtle_pkg.egg-info/PKG-INFO
writing dependency_links to ../../build/crane_and_turtle_pkg/crane_and_turtle_pkg.egg-info/dependency_links.txt
writing entry points to ../../build/crane_and_turtle_pkg/crane_and_turtle_pkg.egg-info/entry_points.txt
writing requirements to ../../build/crane_and_turtle_pkg/crane_and_turtle_pkg.egg-info/requires.txt
writing top-level names to ../../build/crane_and_turtle_pkg/crane_and_turtle_pkg.egg-info/top_level.txt
writing manifest file '../../build/crane_and_turtle_pkg/crane_and_turtle_pkg.egg-info/SOURCES.txt'
reading manifest file '../../build/crane_and_turtle_pkg/crane_and_turtle_pkg.egg-info/SOURCES.txt'
writing manifest file '../../build/crane_and_turtle_pkg/crane_and_turtle_pkg.egg-info/SOURCES.txt'
running build
running build_py
creating /home/ri-one/crane_and_turtle_ws/build/crane_and_turtle_pkg/build
creating /home/ri-one/crane_and_turtle_ws/build/crane_and_turtle_pkg/build/lib
creating /home/ri-one/crane_and_turtle_ws/build/crane_and_turtle_pkg/build/lib/crane_and_turtle_pkg
copying crane_and_turtle_pkg/__init__.py -> /home/ri-one/crane_and_turtle_ws/build/crane_and_turtle_pkg/build/lib/crane_and_turtle_pkg
running install
running install_lib
creating /home/ri-one/crane_and_turtle_ws/install/crane_and_turtle_pkg/lib/python3.10/site-packages/crane_and_turtle_pkg
copying /home/ri-one/crane_and_turtle_ws/build/crane_and_turtle_pkg/build/lib/crane_and_turtle_pkg/__init__.py -> /home/ri-one/crane_and_turtle_ws/install/crane_and_turtle_pkg/lib/python3.10/site-packages/crane_and_turtle_pkg
byte-compiling /home/ri-one/crane_and_turtle_ws/install/crane_and_turtle_pkg/lib/python3.10/site-packages/crane_and_turtle_pkg/__init__.py to __init__.cpython-310.pyc
running install_data
creating /home/ri-one/crane_and_turtle_ws/install/crane_and_turtle_pkg/share/ament_index
creating /home/ri-one/crane_and_turtle_ws/install/crane_and_turtle_pkg/share/ament_index/resource_index
creating /home/ri-one/crane_and_turtle_ws/install/crane_and_turtle_pkg/share/ament_index/resource_index/packages
copying resource/crane_and_turtle_pkg -> /home/ri-one/crane_and_turtle_ws/install/crane_and_turtle_pkg/share/ament_index/resource_index/packages
copying package.xml -> /home/ri-one/crane_and_turtle_ws/install/crane_and_turtle_pkg/share/crane_and_turtle_pkg
running install_egg_info
Copying ../../build/crane_and_turtle_pkg/crane_and_turtle_pkg.egg-info to /home/ri-one/crane_and_turtle_ws/install/crane_and_turtle_pkg/lib/python3.10/site-packages/crane_and_turtle_pkg-0.0.0-py3.10.egg-info
running install_scripts
writing list of installed files to '/home/ri-one/crane_and_turtle_ws/build/crane_and_turtle_pkg/install.log'
