[0.518s] Invoking command in '/home/ri-one/crane_and_turtle_ws/src/crane_and_turtle_pkg': PYTHONPATH=/home/ri-one/crane_and_turtle_ws/build/crane_and_turtle_pkg/prefix_override:/usr/lib/python3/dist-packages/colcon_core/task/python/colcon_distutils_commands:/home/ri-one/crane_and_turtle_ws/install/crane_and_turtle_pkg/lib/python3.10/site-packages:${PYTHONPATH} /usr/bin/python3 -W ignore:setup.py install is deprecated -W ignore:easy_install command is deprecated setup.py egg_info --egg-base ../../build/crane_and_turtle_pkg build --build-base /home/ri-one/crane_and_turtle_ws/build/crane_and_turtle_pkg/build install --record /home/ri-one/crane_and_turtle_ws/build/crane_and_turtle_pkg/install.log --single-version-externally-managed install_data
[0.685s] running egg_info
[0.685s] creating ../../build/crane_and_turtle_pkg/crane_and_turtle_pkg.egg-info
[0.685s] writing ../../build/crane_and_turtle_pkg/crane_and_turtle_pkg.egg-info/PKG-INFO
[0.686s] writing dependency_links to ../../build/crane_and_turtle_pkg/crane_and_turtle_pkg.egg-info/dependency_links.txt
[0.686s] writing entry points to ../../build/crane_and_turtle_pkg/crane_and_turtle_pkg.egg-info/entry_points.txt
[0.686s] writing requirements to ../../build/crane_and_turtle_pkg/crane_and_turtle_pkg.egg-info/requires.txt
[0.686s] writing top-level names to ../../build/crane_and_turtle_pkg/crane_and_turtle_pkg.egg-info/top_level.txt
[0.686s] writing manifest file '../../build/crane_and_turtle_pkg/crane_and_turtle_pkg.egg-info/SOURCES.txt'
[0.687s] reading manifest file '../../build/crane_and_turtle_pkg/crane_and_turtle_pkg.egg-info/SOURCES.txt'
[0.687s] writing manifest file '../../build/crane_and_turtle_pkg/crane_and_turtle_pkg.egg-info/SOURCES.txt'
[0.688s] running build
[0.688s] running build_py
[0.688s] creating /home/ri-one/crane_and_turtle_ws/build/crane_and_turtle_pkg/build
[0.688s] creating /home/ri-one/crane_and_turtle_ws/build/crane_and_turtle_pkg/build/lib
[0.688s] creating /home/ri-one/crane_and_turtle_ws/build/crane_and_turtle_pkg/build/lib/crane_and_turtle_pkg
[0.688s] copying crane_and_turtle_pkg/__init__.py -> /home/ri-one/crane_and_turtle_ws/build/crane_and_turtle_pkg/build/lib/crane_and_turtle_pkg
[0.688s] running install
[0.688s] running install_lib
[0.689s] creating /home/ri-one/crane_and_turtle_ws/install/crane_and_turtle_pkg/lib/python3.10/site-packages/crane_and_turtle_pkg
[0.689s] copying /home/ri-one/crane_and_turtle_ws/build/crane_and_turtle_pkg/build/lib/crane_and_turtle_pkg/__init__.py -> /home/ri-one/crane_and_turtle_ws/install/crane_and_turtle_pkg/lib/python3.10/site-packages/crane_and_turtle_pkg
[0.689s] byte-compiling /home/ri-one/crane_and_turtle_ws/install/crane_and_turtle_pkg/lib/python3.10/site-packages/crane_and_turtle_pkg/__init__.py to __init__.cpython-310.pyc
[0.689s] running install_data
[0.689s] creating /home/ri-one/crane_and_turtle_ws/install/crane_and_turtle_pkg/share/ament_index
[0.689s] creating /home/ri-one/crane_and_turtle_ws/install/crane_and_turtle_pkg/share/ament_index/resource_index
[0.689s] creating /home/ri-one/crane_and_turtle_ws/install/crane_and_turtle_pkg/share/ament_index/resource_index/packages
[0.689s] copying resource/crane_and_turtle_pkg -> /home/ri-one/crane_and_turtle_ws/install/crane_and_turtle_pkg/share/ament_index/resource_index/packages
[0.689s] copying package.xml -> /home/ri-one/crane_and_turtle_ws/install/crane_and_turtle_pkg/share/crane_and_turtle_pkg
[0.689s] running install_egg_info
[0.690s] Copying ../../build/crane_and_turtle_pkg/crane_and_turtle_pkg.egg-info to /home/ri-one/crane_and_turtle_ws/install/crane_and_turtle_pkg/lib/python3.10/site-packages/crane_and_turtle_pkg-0.0.0-py3.10.egg-info
[0.691s] running install_scripts
[0.705s] writing list of installed files to '/home/ri-one/crane_and_turtle_ws/build/crane_and_turtle_pkg/install.log'
[0.720s] Invoked command in '/home/ri-one/crane_and_turtle_ws/src/crane_and_turtle_pkg' returned '0': PYTHONPATH=/home/ri-one/crane_and_turtle_ws/build/crane_and_turtle_pkg/prefix_override:/usr/lib/python3/dist-packages/colcon_core/task/python/colcon_distutils_commands:/home/ri-one/crane_and_turtle_ws/install/crane_and_turtle_pkg/lib/python3.10/site-packages:${PYTHONPATH} /usr/bin/python3 -W ignore:setup.py install is deprecated -W ignore:easy_install command is deprecated setup.py egg_info --egg-base ../../build/crane_and_turtle_pkg build --build-base /home/ri-one/crane_and_turtle_ws/build/crane_and_turtle_pkg/build install --record /home/ri-one/crane_and_turtle_ws/build/crane_and_turtle_pkg/install.log --single-version-externally-managed install_data
